2017年5月22日13时53分14秒-
弄梅洞窟[9] 80 ★
逐影洞窟[18] 80 ★

2017年5月22日13时53分10秒-[21]的收益：17/340 [ 5-80/1 19-90/1 ]
2017年5月22日13时53分10秒-★[4]的收益：16/320 [ 9-80/1 18-80/1 ]
2017年5月22日13时53分10秒-[1]的收益：8/160 [ 5-80/1 ]
2017年5月22日13时52分38秒-机动：88 时刻：2017年5月22日13时52分45秒/2017-05-22 13:52:44
2017年5月22日13时52分37秒-房产数量已达上限，不能投资
2017年5月22日13时52分37秒-该地图没有你的房产
2017年5月22日13时52分37秒-全地图收益：41 ▲个人收益：16 ▲一圈大概花费约：11
2017年5月22日13时52分37秒-当前地图：流沙原[序号127] 价值：20
2017年5月22日13时52分37秒-【补全地图数据】
2017年5月22日13时52分37秒-【盟军圈地掷骰子成功返回-地图数据不完整:50】
2017年5月22日13时52分37秒-点数：【5】 机动力：88
2017年5月22日13时52分37秒-没有剩余的遥控次数，直接普通方式投掷骰子……
2017年5月22日13时52分37秒-机动：89 时刻：2017年5月22日13时52分44秒/2017-05-22 13:49:43
2017年5月22日13时49分38秒-机动：89 时刻：2017年5月22日13时49分44秒/2017-05-22 13:49:43
2017年5月22日13时49分37秒-房产数量已达上限，不能投资
2017年5月22日13时49分37秒-该地图没有你的房产
2017年5月22日13时49分37秒-全地图收益：41 ▲个人收益：16 ▲一圈大概花费约：11
2017年5月22日13时49分37秒-当前地图：石笋洞窟[序号122] 价值：80
2017年5月22日13时49分37秒-【补全地图数据】
2017年5月22日13时49分37秒-【盟军圈地掷骰子成功返回-地图数据不完整:50】
2017年5月22日13时49分37秒-点数：【4】 机动力：89
2017年5月22日13时49分37秒-没有剩余的遥控次数，直接普通方式投掷骰子……
2017年5月22日13时49分37秒-机动：90 时刻：2017年5月22日13时49分43秒/2017-05-22 13:46:42
2017年5月22日13时49分36秒-机动：90 时刻：2017年5月22日13时49分42秒/2017-05-22 13:46:42
2017年5月22日13时46分36秒-机动：90 时刻：2017年5月22日13时46分43秒/2017-05-22 13:46:42
2017年5月22日13时46分36秒-房产数量已达上限，不能投资
2017年5月22日13时46分36秒-该地图没有你的房产
2017年5月22日13时46分36秒-全地图收益：41 ▲个人收益：16 ▲一圈大概花费约：11
2017年5月22日13时46分35秒-当前地图：斧青谷[序号118] 价值：30
2017年5月22日13时46分35秒-点数：【8】 机动力：90
2017年5月22日13时46分35秒-没有剩余的遥控次数，直接普通方式投掷骰子……
2017年5月22日13时46分35秒-机动：91 时刻：2017年5月22日13时46分42秒/2017-05-22 13:43:41
2017年5月22日13时46分34秒-机动：91 时刻：2017年5月22日13时46分41秒/2017-05-22 13:43:41
2017年5月22日13时43分35秒-机动：87 时刻：2017年5月22日13时43分42秒/2017-05-22 13:43:41
2017年5月22日13时43分34秒-房产数量已达上限，不能投资
2017年5月22日13时43分34秒-该地图没有你的房产
2017年5月22日13时43分34秒-全地图收益：41 ▲个人收益：16 ▲一圈大概花费约：11
2017年5月22日13时43分34秒-当前地图：闲情园[序号110] 价值：10
2017年5月22日13时43分34秒-【补全地图数据】
2017年5月22日13时43分34秒-【盟军圈地掷骰子成功返回-地图数据不完整:50】
2017年5月22日13时43分34秒-点数：【7】 机动力：87
2017年5月22日13时43分34秒-没有剩余的遥控次数，直接普通方式投掷骰子……
2017年5月22日13时43分34秒-机动：88 时刻：2017年5月22日13时43分41秒/2017-05-22 13:40:40
2017年5月22日13时43分33秒-机动：88 时刻：2017年5月22日13时43分40秒/2017-05-22 13:40:40
2017年5月22日13时40分34秒-机动：88 时刻：2017年5月22日13时40分41秒/2017-05-22 13:40:40
2017年5月22日13时40分33秒-房产数量已达上限，不能投资
2017年5月22日13时40分33秒-该地图没有你的房产
2017年5月22日13时40分33秒-全地图收益：41 ▲个人收益：16 ▲一圈大概花费约：11
2017年5月22日13时40分33秒-当前地图：酒鬼冢[序号103] 价值：20
2017年5月22日13时40分33秒-【补全地图数据】
2017年5月22日13时40分33秒-【盟军圈地掷骰子成功返回-地图数据不完整:50】
2017年5月22日13时40分33秒-点数：【1】 机动力：88
2017年5月22日13时40分33秒-没有剩余的遥控次数，直接普通方式投掷骰子……
2017年5月22日13时40分33秒-机动：89 时刻：2017年5月22日13时40分40秒/2017-05-22 13:37:39
2017年5月22日13时40分32秒-机动：89 时刻：2017年5月22日13时40分39秒/2017-05-22 13:37:39
2017年5月22日13时37分33秒-机动：89 时刻：2017年5月22日13时37分40秒/2017-05-22 13:37:39
2017年5月22日13时37分32秒-房产数量已达上限，不能投资
2017年5月22日13时37分32秒-该地图没有你的房产
2017年5月22日13时37分32秒-全地图收益：41 ▲个人收益：16 ▲一圈大概花费约：11
2017年5月22日13时37分32秒-当前地图：冰清桥[序号102] 价值：30
2017年5月22日13时37分32秒-点数：【6】 机动力：89
2017年5月22日13时37分32秒-没有剩余的遥控次数，直接普通方式投掷骰子……
2017年5月22日13时37分32秒-机动：90 时刻：2017年5月22日13时37分39秒/2017-05-22 13:34:38
2017年5月22日13时37分31秒-机动：90 时刻：2017年5月22日13时37分38秒/2017-05-22 13:34:38
2017年5月22日13时34分32秒-机动：90 时刻：2017年5月22日13时34分39秒/2017-05-22 13:34:38
2017年5月22日13时34分31秒-房产数量已达上限，不能投资
2017年5月22日13时34分31秒-该地图没有你的房产
2017年5月22日13时34分31秒-全地图收益：41 ▲个人收益：16 ▲一圈大概花费约：11
2017年5月22日13时34分31秒-当前地图：降尘台[序号96] 价值：90
2017年5月22日13时34分31秒-【补全地图数据】
2017年5月22日13时34分31秒-【盟军圈地掷骰子成功返回-地图数据不完整:51】
2017年5月22日13时34分31秒-点数：【1】 机动力：90
2017年5月22日13时34分31秒-没有剩余的遥控次数，直接普通方式投掷骰子……
2017年5月22日13时34分31秒-机动：91 时刻：2017年5月22日13时34分38秒/2017-05-22 13:31:37
2017年5月22日13时31分32秒-机动：91 时刻：2017年5月22日13时31分38秒/2017-05-22 13:31:37
2017年5月22日13时31分31秒-房产数量已达上限，不能投资
2017年5月22日13时31分31秒-该地图没有你的房产
2017年5月22日13时31分31秒-全地图收益：41 ▲个人收益：16 ▲一圈大概花费约：11
2017年5月22日13时31分31秒-当前地图：百草池[序号95] 价值：40
2017年5月22日13时31分31秒-【补全地图数据】
2017年5月22日13时31分31秒-【盟军圈地掷骰子成功返回-地图数据不完整:51】
2017年5月22日13时31分31秒-点数：【5】 机动力：91
2017年5月22日13时31分31秒-没有剩余的遥控次数，直接普通方式投掷骰子……
2017年5月22日13时31分31秒-机动：92 时刻：2017年5月22日13时31分37秒/2017-05-22 13:28:36
2017年5月22日13时31分30秒-机动：92 时刻：2017年5月22日13时31分36秒/2017-05-22 13:28:36
2017年5月22日13时28分30秒-机动：92 时刻：2017年5月22日13时28分37秒/2017-05-22 13:28:36
2017年5月22日13时28分30秒-房产数量已达上限，不能投资
2017年5月22日13时28分30秒-该地图没有你的房产
2017年5月22日13时28分30秒-全地图收益：41 ▲个人收益：16 ▲一圈大概花费约：11
2017年5月22日13时28分30秒-当前地图：青之绿洲[序号90] 价值：20
2017年5月22日13时28分30秒-【补全地图数据】
2017年5月22日13时28分30秒-【盟军圈地掷骰子成功返回-地图数据不完整:51】
2017年5月22日13时28分29秒-点数：【3】 机动力：92
2017年5月22日13时28分29秒-没有剩余的遥控次数，直接普通方式投掷骰子……
2017年5月22日13时28分29秒-机动：93 时刻：2017年5月22日13时28分36秒/2017-05-22 13:25:35
2017年5月22日13时28分28秒-机动：93 时刻：2017年5月22日13时28分35秒/2017-05-22 13:25:35
2017年5月22日13时25分29秒-机动：89 时刻：2017年5月22日13时25分36秒/2017-05-22 13:25:35
2017年5月22日13时25分28秒-房产数量已达上限，不能投资
2017年5月22日13时25分28秒-该地图没有你的房产
2017年5月22日13时25分28秒-全地图收益：41 ▲个人收益：16 ▲一圈大概花费约：11
2017年5月22日13时25分28秒-当前地图：绞肉地狱[序号87] 价值：50
2017年5月22日13时25分28秒-【补全地图数据】
2017年5月22日13时25分28秒-【盟军圈地掷骰子成功返回-地图数据不完整:51】
2017年5月22日13时25分28秒-点数：【4】 机动力：89
2017年5月22日13时25分28秒-没有剩余的遥控次数，直接普通方式投掷骰子……
2017年5月22日13时25分28秒-机动：90 时刻：2017年5月22日13时25分35秒/2017-05-22 13:22:34
2017年5月22日13时25分27秒-机动：90 时刻：2017年5月22日13时25分34秒/2017-05-22 13:22:34
2017年5月22日13时22分28秒-机动：90 时刻：2017年5月22日13时22分35秒/2017-05-22 13:22:34
2017年5月22日13时22分27秒-房产数量已达上限，不能投资
2017年5月22日13时22分27秒-该地图没有你的房产
2017年5月22日13时22分27秒-全地图收益：41 ▲个人收益：16 ▲一圈大概花费约：11
2017年5月22日13时22分27秒-当前地图：不悔洞窟[序号83] 价值：80
2017年5月22日13时22分27秒-【补全地图数据】
2017年5月22日13时22分27秒-【盟军圈地掷骰子成功返回-地图数据不完整:51】
2017年5月22日13时22分27秒-点数：【3】 机动力：90
2017年5月22日13时22分27秒-没有剩余的遥控次数，直接普通方式投掷骰子……
2017年5月22日13时22分27秒-机动：91 时刻：2017年5月22日13时22分34秒/2017-05-22 13:19:33
2017年5月22日13时22分26秒-机动：91 时刻：2017年5月22日13时22分33秒/2017-05-22 13:19:33
2017年5月22日13时19分27秒-机动：91 时刻：2017年5月22日13时19分34秒/2017-05-22 13:19:33
2017年5月22日13时19分26秒-房产数量已达上限，不能投资
2017年5月22日13时19分26秒-该地图没有你的房产
2017年5月22日13时19分26秒-全地图收益：41 ▲个人收益：16 ▲一圈大概花费约：11
2017年5月22日13时19分26秒-当前地图：四桥原[序号80] 价值：10
2017年5月22日13时19分26秒-【补全地图数据】
2017年5月22日13时19分26秒-【盟军圈地掷骰子成功返回-地图数据不完整:51】
2017年5月22日13时19分26秒-点数：【6】 机动力：91
2017年5月22日13时19分26秒-没有剩余的遥控次数，直接普通方式投掷骰子……
2017年5月22日13时19分26秒-机动：92 时刻：2017年5月22日13时19分33秒/2017-05-22 13:16:32
2017年5月22日13时19分25秒-机动：92 时刻：2017年5月22日13时19分32秒/2017-05-22 13:16:32
2017年5月22日13时16分26秒-机动：92 时刻：2017年5月22日13时16分33秒/2017-05-22 13:16:32
2017年5月22日13时16分25秒-随机地块，不能投资
2017年5月22日13时16分25秒-该地图没有你的房产
2017年5月22日13时16分25秒-全地图收益：41 ▲个人收益：16 ▲一圈大概花费约：11
2017年5月22日13时16分25秒-当前地图：随机事件[序号74] 价值：9999999
2017年5月22日13时16分25秒-【补全地图数据】
2017年5月22日13时16分25秒-【盟军圈地掷骰子成功返回-地图数据不完整:50】
2017年5月22日13时16分25秒-点数：【4】 收入：36 发生随机事件：遇到财神爷 数值：36 机动力：92
2017年5月22日13时16分25秒-没有剩余的遥控次数，直接普通方式投掷骰子……
2017年5月22日13时16分25秒-机动：93 时刻：2017年5月22日13时16分32秒/2017-05-22 13:13:31
2017年5月22日13时13分25秒-机动：93 时刻：2017年5月22日13时13分31秒/2017-05-22 13:13:31
2017年5月22日13时13分24秒-房产数量已达上限，不能投资
2017年5月22日13时13分24秒-该地图没有你的房产
2017年5月22日13时13分24秒-全地图收益：41 ▲个人收益：16 ▲一圈大概花费约：11
2017年5月22日13时13分24秒-当前地图：逆之往事[序号70] 价值：40
2017年5月22日13时13分24秒-【补全地图数据】
2017年5月22日13时13分24秒-【盟军圈地掷骰子成功返回-地图数据不完整:51】
2017年5月22日13时13分24秒-点数：【5】 机动力：93
2017年5月22日13时13分24秒-没有剩余的遥控次数，直接普通方式投掷骰子……
2017年5月22日13时13分24秒-机动：94 时刻：2017年5月22日13时13分30秒/2017-05-22 13:10:29
2017年5月22日13时13分23秒-机动：94 时刻：2017年5月22日13时13分29秒/2017-05-22 13:10:29
2017年5月22日13时10分23秒-机动：94 时刻：2017年5月22日13时10分30秒/2017-05-22 13:10:29
2017年5月22日13时10分23秒-房产数量已达上限，不能投资
2017年5月22日13时10分23秒-该地图没有你的房产
2017年5月22日13时10分23秒-全地图收益：41 ▲个人收益：16 ▲一圈大概花费约：11
2017年5月22日13时10分23秒-当前地图：梦佛窟[序号65] 价值：20
2017年5月22日13时10分23秒-点数：【6】 机动力：94
2017年5月22日13时10分22秒-没有剩余的遥控次数，直接普通方式投掷骰子……
2017年5月22日13时10分22秒-机动：95 时刻：2017年5月22日13时10分29秒/2017-05-22 13:07:28
2017年5月22日13时10分21秒-机动：95 时刻：2017年5月22日13时10分28秒/2017-05-22 13:07:28
2017年5月22日13时7分22秒-机动：95 时刻：2017年5月22日13时7分29秒/2017-05-22 13:07:28
2017年5月22日13时7分21秒-房产数量已达上限，不能投资
2017年5月22日13时7分21秒-该地图没有你的房产
2017年5月22日13时7分21秒-全地图收益：41 ▲个人收益：16 ▲一圈大概花费约：11
2017年5月22日13时7分21秒-当前地图：银罐谷[序号59] 价值：20
2017年5月22日13时7分21秒-【补全地图数据】
2017年5月22日13时7分21秒-【盟军圈地掷骰子成功返回-地图数据不完整:51】
2017年5月22日13时7分21秒-点数：【9】 机动力：95
2017年5月22日13时7分21秒-没有剩余的遥控次数，直接普通方式投掷骰子……
2017年5月22日13时7分21秒-机动：96 时刻：2017年5月22日13时7分28秒/2017-05-22 13:04:27
2017年5月22日13时7分20秒-机动：96 时刻：2017年5月22日13时7分27秒/2017-05-22 13:04:27
2017年5月22日13时4分21秒-机动：92 时刻：2017年5月22日13时4分28秒/2017-05-22 13:04:27
2017年5月22日13时4分20秒-房产数量已达上限，不能投资
2017年5月22日13时4分20秒-该地图没有你的房产
2017年5月22日13时4分20秒-全地图收益：41 ▲个人收益：16 ▲一圈大概花费约：11
2017年5月22日13时4分20秒-当前地图：青风原[序号50] 价值：10
2017年5月22日13时4分20秒-【补全地图数据】
2017年5月22日13时4分20秒-【盟军圈地掷骰子成功返回-地图数据不完整:51】
2017年5月22日13时4分20秒-点数：【7】 机动力：92
2017年5月22日13时4分20秒-没有剩余的遥控次数，直接普通方式投掷骰子……
2017年5月22日13时4分20秒-机动：93 时刻：2017年5月22日13时4分27秒/2017-05-22 13:01:26
2017年5月22日13时4分19秒-机动：93 时刻：2017年5月22日13时4分26秒/2017-05-22 13:01:26
2017年5月22日13时1分20秒-机动：93 时刻：2017年5月22日13时1分27秒/2017-05-22 13:01:26
2017年5月22日13时1分19秒-房产数量已达上限，不能投资
2017年5月22日13时1分19秒-该地图没有你的房产
2017年5月22日13时1分19秒-全地图收益：41 ▲个人收益：16 ▲一圈大概花费约：11
2017年5月22日13时1分19秒-当前地图：坠泪岗[序号43] 价值：10
2017年5月22日13时1分19秒-【补全地图数据】
2017年5月22日13时1分19秒-【盟军圈地掷骰子成功返回-地图数据不完整:51】
2017年5月22日13时1分19秒-点数：【1】 机动力：93
2017年5月22日13时1分19秒-没有剩余的遥控次数，直接普通方式投掷骰子……
2017年5月22日13时1分19秒-机动：94 时刻：2017年5月22日13时1分26秒/2017-05-22 12:58:25
2017年5月22日13时1分18秒-机动：94 时刻：2017年5月22日13时1分25秒/2017-05-22 12:58:25
2017年5月22日12时58分19秒-机动：94 时刻：2017年5月22日12时58分26秒/2017-05-22 12:58:25
2017年5月22日12时58分18秒-房产数量已达上限，不能投资
2017年5月22日12时58分18秒-该地图没有你的房产
2017年5月22日12时58分18秒-全地图收益：41 ▲个人收益：16 ▲一圈大概花费约：11
2017年5月22日12时58分18秒-当前地图：犁春原[序号42] 价值：30
2017年5月22日12时58分18秒-【补全地图数据】
2017年5月22日12时58分18秒-【盟军圈地掷骰子成功返回-地图数据不完整:51】
2017年5月22日12时58分18秒-点数：【1】 机动力：94
2017年5月22日12时58分18秒-没有剩余的遥控次数，直接普通方式投掷骰子……
2017年5月22日12时58分18秒-机动：95 时刻：2017年5月22日12时58分25秒/2017-05-22 12:55:24
2017年5月22日12时58分17秒-机动：95 时刻：2017年5月22日12时58分24秒/2017-05-22 12:55:24
2017年5月22日12时55分18秒-机动：95 时刻：2017年5月22日12时55分25秒/2017-05-22 12:55:24
2017年5月22日12时55分17秒-房产数量已达上限，不能投资
2017年5月22日12时55分17秒-该地图没有你的房产
2017年5月22日12时55分17秒-全地图收益：41 ▲个人收益：16 ▲一圈大概花费约：11
2017年5月22日12时55分17秒-当前地图：剥皮地狱[序号41] 价值：50
2017年5月22日12时55分17秒-【补全地图数据】
2017年5月22日12时55分17秒-【盟军圈地掷骰子成功返回-地图数据不完整:51】
2017年5月22日12时55分17秒-点数：【2】 机动力：95
2017年5月22日12时55分17秒-没有剩余的遥控次数，直接普通方式投掷骰子……
2017年5月22日12时55分17秒-机动：96 时刻：2017年5月22日12时55分24秒/2017-05-22 12:52:23
2017年5月22日12时52分17秒-机动：96 时刻：2017年5月22日12时52分24秒/2017-05-22 12:52:23
2017年5月22日12时52分17秒-房产数量已达上限，不能投资
2017年5月22日12时52分17秒-该地图没有你的房产
2017年5月22日12时52分17秒-全地图收益：41 ▲个人收益：16 ▲一圈大概花费约：11
2017年5月22日12时52分17秒-当前地图：钉板地狱[序号39] 价值：50
2017年5月22日12时52分17秒-点数：【1】 机动力：96
2017年5月22日12时52分17秒-没有剩余的遥控次数，直接普通方式投掷骰子……
2017年5月22日12时52分16秒-机动：97 时刻：2017年5月22日12时52分23秒/2017-05-22 12:49:22
2017年5月22日12时52分15秒-机动：97 时刻：2017年5月22日12时52分22秒/2017-05-22 12:49:22
2017年5月22日12时49分16秒-机动：97 时刻：2017年5月22日12时49分23秒/2017-05-22 12:49:22
2017年5月22日12时49分15秒-房产数量已达上限，不能投资
2017年5月22日12时49分15秒-该地图没有你的房产
2017年5月22日12时49分15秒-全地图收益：41 ▲个人收益：16 ▲一圈大概花费约：11
2017年5月22日12时49分15秒-当前地图：逆之心情[序号38] 价值：40
2017年5月22日12时49分15秒-【补全地图数据】
2017年5月22日12时49分15秒-【盟军圈地掷骰子成功返回-地图数据不完整:51】
2017年5月22日12时49分15秒-点数：【4】 机动力：97
2017年5月22日12时49分15秒-没有剩余的遥控次数，直接普通方式投掷骰子……
2017年5月22日12时49分15秒-机动：98 时刻：2017年5月22日12时49分22秒/2017-05-22 12:46:21
2017年5月22日12时49分14秒-机动：98 时刻：2017年5月22日12时49分21秒/2017-05-22 12:46:21
2017年5月22日12时46分15秒-机动：98 时刻：2017年5月22日12时46分22秒/2017-05-22 12:46:21
2017年5月22日12时46分14秒-房产数量已达上限，不能投资
2017年5月22日12时46分14秒-该地图没有你的房产
2017年5月22日12时46分14秒-全地图收益：41 ▲个人收益：16 ▲一圈大概花费约：11
2017年5月22日12时46分14秒-当前地图：绿幽洞[序号34] 价值：20
2017年5月22日12时46分14秒-【补全地图数据】
2017年5月22日12时46分14秒-【盟军圈地掷骰子成功返回-地图数据不完整:51】
2017年5月22日12时46分14秒-点数：【9】 机动力：98
2017年5月22日12时46分14秒-没有剩余的遥控次数，直接普通方式投掷骰子……
2017年5月22日12时46分14秒-机动：99 时刻：2017年5月22日12时46分21秒/2017-05-22 12:43:20
2017年5月22日12时46分13秒-机动：99 时刻：2017年5月22日12时46分20秒/2017-05-22 12:43:20
2017年5月22日12时43分14秒-机动：95 时刻：2017年5月22日12时43分21秒/2017-05-22 12:43:20
2017年5月22日12时43分13秒-随机地块，不能投资
2017年5月22日12时43分13秒-该地图没有你的房产
2017年5月22日12时43分13秒-全地图收益：41 ▲个人收益：16 ▲一圈大概花费约：11
2017年5月22日12时43分13秒-当前地图：随机事件[序号25] 价值：9999999
2017年5月22日12时43分13秒-【补全地图数据】
2017年5月22日12时43分13秒-【盟军圈地掷骰子成功返回-地图数据不完整:50】
2017年5月22日12时43分13秒-点数：【1】 收入：85 发生随机事件：遇到财神爷 数值：85 机动力：95
2017年5月22日12时43分13秒-没有剩余的遥控次数，直接普通方式投掷骰子……
2017年5月22日12时43分13秒-机动：96 时刻：2017年5月22日12时43分20秒/2017-05-22 12:40:19
2017年5月22日12时43分12秒-机动：96 时刻：2017年5月22日12时43分19秒/2017-05-22 12:40:19
2017年5月22日12时40分13秒-机动：96 时刻：2017年5月22日12时40分20秒/2017-05-22 12:40:19
2017年5月22日12时40分12秒-随机地块，不能投资
2017年5月22日12时40分12秒-该地图没有你的房产
2017年5月22日12时40分12秒-全地图收益：41 ▲个人收益：16 ▲一圈大概花费约：11
2017年5月22日12时40分12秒-当前地图：随机事件[序号25] 价值：9999999
2017年5月22日12时40分12秒-【补全地图数据】
2017年5月22日12时40分12秒-【盟军圈地掷骰子成功返回-地图数据不完整:50】
2017年5月22日12时40分12秒-点数：【4】 发生随机事件：后退 数值：1 机动力：96
2017年5月22日12时40分12秒-没有剩余的遥控次数，直接普通方式投掷骰子……
2017年5月22日12时40分12秒-机动：97 时刻：2017年5月22日12时40分19秒/2017-05-22 12:37:18
2017年5月22日12时40分11秒-机动：97 时刻：2017年5月22日12时40分18秒/2017-05-22 12:37:18
2017年5月22日12时37分12秒-机动：97 时刻：2017年5月22日12时37分19秒/2017-05-22 12:37:18
2017年5月22日12时37分11秒-房产数量已达上限，不能投资
2017年5月22日12时37分11秒-该地图没有你的房产
2017年5月22日12时37分11秒-全地图收益：41 ▲个人收益：16 ▲一圈大概花费约：11
2017年5月22日12时37分11秒-当前地图：战神台[序号21] 价值：80
2017年5月22日12时37分11秒-【补全地图数据】
2017年5月22日12时37分11秒-【盟军圈地掷骰子成功返回-地图数据不完整:51】
2017年5月22日12时37分11秒-点数：【4】 机动力：97
2017年5月22日12时37分11秒-没有剩余的遥控次数，直接普通方式投掷骰子……
2017年5月22日12时37分11秒-机动：98 时刻：2017年5月22日12时37分18秒/2017-05-22 12:34:17
2017年5月22日12时34分11秒-机动：98 时刻：2017年5月22日12时34分18秒/2017-05-22 12:34:17
2017年5月22日12时34分11秒-房产数量已达上限，不能投资
2017年5月22日12时34分11秒-该地图没有你的房产
2017年5月22日12时34分11秒-全地图收益：41 ▲个人收益：16 ▲一圈大概花费约：11
2017年5月22日12时34分11秒-当前地图：金轮谷[序号17] 价值：20
2017年5月22日12时34分11秒-【补全地图数据】
2017年5月22日12时34分11秒-【盟军圈地掷骰子成功返回-地图数据不完整:51】
2017年5月22日12时34分11秒-点数：【6】 机动力：98
2017年5月22日12时34分10秒-没有剩余的遥控次数，直接普通方式投掷骰子……
2017年5月22日12时34分10秒-机动：99 时刻：2017年5月22日12时34分17秒/2017-05-22 12:31:16
2017年5月22日12时34分9秒-机动：99 时刻：2017年5月22日12时34分16秒/2017-05-22 12:31:16
2017年5月22日12时31分10秒-机动：99 时刻：2017年5月22日12时31分17秒/2017-05-22 12:31:16
2017年5月22日12时31分9秒-房产数量已达上限，不能投资
2017年5月22日12时31分9秒-该地图没有你的房产
2017年5月22日12时31分9秒-全地图收益：41 ▲个人收益：16 ▲一圈大概花费约：11
2017年5月22日12时31分9秒-当前地图：油锅地狱[序号11] 价值：50
2017年5月22日12时31分9秒-点数：【4】 机动力：99
2017年5月22日12时31分9秒-没有剩余的遥控次数，直接普通方式投掷骰子……
2017年5月22日12时31分9秒-机动：100 时刻：2017年5月22日12时31分16秒/2017-05-22 12:28:15
2017年5月22日12时31分8秒-机动：100 时刻：2017年5月22日12时31分15秒/2017-05-22 12:28:15
2017年5月22日12时28分9秒-机动：100 时刻：2017年5月22日12时28分16秒/2017-05-22 12:28:15
2017年5月22日12时28分8秒-房产数量已达上限，不能投资
2017年5月22日12时28分8秒-该地图没有你的房产
2017年5月22日12时28分8秒-全地图收益：41 ▲个人收益：16 ▲一圈大概花费约：11
2017年5月22日12时28分8秒-当前地图：怨灵洞口[序号7] 价值：20
2017年5月22日12时28分8秒-点数：【3】 机动力：100
2017年5月22日12时28分8秒-没有剩余的遥控次数，直接普通方式投掷骰子……
2017年5月22日12时28分8秒-机动：101 时刻：2017年5月22日12时28分15秒/2017-05-22 12:25:14
2017年5月22日12时28分7秒-机动：101 时刻：2017年5月22日12时28分14秒/2017-05-22 12:25:14
2017年5月22日12时25分8秒-机动：97 时刻：2017年5月22日12时25分15秒/2017-05-22 12:25:14
2017年5月22日12时25分7秒-房产数量已达上限，不能投资
2017年5月22日12时25分7秒-该地图没有你的房产
2017年5月22日12时25分7秒-全地图收益：41 ▲个人收益：16 ▲一圈大概花费约：11
2017年5月22日12时25分7秒-当前地图：华山腰道[序号4] 价值：60
2017年5月22日12时25分7秒-点数：【3】 机动力：97
2017年5月22日12时25分7秒-没有剩余的遥控次数，直接普通方式投掷骰子……
2017年5月22日12时25分7秒-机动：98 时刻：2017年5月22日12时25分14秒/2017-05-22 12:22:13
2017年5月22日12时25分6秒-机动：98 时刻：2017年5月22日12时25分13秒/2017-05-22 12:22:13
2017年5月22日12时22分7秒-机动：98 时刻：2017年5月22日12时22分14秒/2017-05-22 12:22:13
2017年5月22日12时22分6秒-房产数量已达上限，不能投资
2017年5月22日12时22分6秒-该地图没有你的房产
2017年5月22日12时22分6秒-全地图收益：41 ▲个人收益：16 ▲一圈大概花费约：11
2017年5月22日12时22分6秒-当前地图：赏月谷[序号1] 价值：20
2017年5月22日12时22分6秒-【补全地图数据】
2017年5月22日12时22分6秒-【盟军圈地掷骰子成功返回-地图数据不完整:50】
2017年5月22日12时22分6秒-点数：【4】 收入：232 第【2】次经过起点 机动力：98
2017年5月22日12时22分6秒-没有剩余的遥控次数，直接普通方式投掷骰子……
2017年5月22日12时22分6秒-机动：99 时刻：2017年5月22日12时22分13秒/2017-05-22 12:19:12
2017年5月22日12时22分5秒-机动：99 时刻：2017年5月22日12时22分12秒/2017-05-22 12:19:12
2017年5月22日12时19分6秒-机动：99 时刻：2017年5月22日12时19分13秒/2017-05-22 12:19:12
2017年5月22日12时19分5秒-房产数量已达上限，不能投资
2017年5月22日12时19分5秒-该地图没有你的房产
2017年5月22日12时19分5秒-全地图收益：41 ▲个人收益：16 ▲一圈大概花费约：11
2017年5月22日12时19分5秒-当前地图：窄窄的过道[序号144] 价值：70
2017年5月22日12时19分5秒-【补全地图数据】
2017年5月22日12时19分5秒-【盟军圈地掷骰子成功返回-地图数据不完整:51】
2017年5月22日12时19分5秒-点数：【8】 机动力：99
2017年5月22日12时19分5秒-没有剩余的遥控次数，直接普通方式投掷骰子……
2017年5月22日12时19分5秒-机动：100 时刻：2017年5月22日12时19分12秒/2017-05-22 12:16:11
2017年5月22日12时19分4秒-机动：100 时刻：2017年5月22日12时19分11秒/2017-05-22 12:16:11
2017年5月22日12时16分5秒-机动：100 时刻：2017年5月22日12时16分12秒/2017-05-22 12:16:11
2017年5月22日12时16分4秒-房产数量已达上限，不能投资
2017年5月22日12时16分4秒-该地图没有你的房产
2017年5月22日12时16分4秒-全地图收益：41 ▲个人收益：16 ▲一圈大概花费约：11
2017年5月22日12时16分4秒-当前地图：蓬莱仙境[序号136] 价值：90
2017年5月22日12时16分4秒-【补全地图数据】
2017年5月22日12时16分4秒-【盟军圈地掷骰子成功返回-地图数据不完整:50】
2017年5月22日12时16分4秒-点数：【1】 机动力：100
2017年5月22日12时16分4秒-没有剩余的遥控次数，直接普通方式投掷骰子……
2017年5月22日12时16分4秒-机动：101 时刻：2017年5月22日12时16分11秒/2017-05-22 12:13:10
2017年5月22日12时13分4秒-机动：101 时刻：2017年5月22日12时13分11秒/2017-05-22 12:13:10
2017年5月22日12时13分3秒-房产数量已达上限，不能投资
2017年5月22日12时13分3秒-该地图没有你的房产
2017年5月22日12时13分3秒-全地图收益：41 ▲个人收益：16 ▲一圈大概花费约：11
2017年5月22日12时13分3秒-当前地图：旋割地狱[序号135] 价值：50
2017年5月22日12时13分3秒-点数：【8】 机动力：101
2017年5月22日12时13分3秒-没有剩余的遥控次数，直接普通方式投掷骰子……
2017年5月22日12时13分3秒-机动：102 时刻：2017年5月22日12时13分10秒/2017-05-22 12:10:09
2017年5月22日12时13分2秒-机动：102 时刻：2017年5月22日12时13分9秒/2017-05-22 12:10:09
2017年5月22日12时10分3秒-机动：102 时刻：2017年5月22日12时10分10秒/2017-05-22 12:10:09
2017年5月22日12时10分2秒-房产数量已达上限，不能投资
2017年5月22日12时10分2秒-该地图没有你的房产
2017年5月22日12时10分2秒-全地图收益：41 ▲个人收益：16 ▲一圈大概花费约：11
2017年5月22日12时10分2秒-当前地图：流沙原[序号127] 价值：20
2017年5月22日12时10分2秒-【补全地图数据】
2017年5月22日12时10分2秒-【盟军圈地掷骰子成功返回-地图数据不完整:50】
2017年5月22日12时10分2秒-点数：【6】 机动力：102
2017年5月22日12时10分2秒-没有剩余的遥控次数，直接普通方式投掷骰子……
2017年5月22日12时10分2秒-机动：103 时刻：2017年5月22日12时10分9秒/2017-05-22 12:07:08
2017年5月22日12时10分1秒-机动：103 时刻：2017年5月22日12时10分8秒/2017-05-22 12:07:08
2017年5月22日12时7分2秒-机动：103 时刻：2017年5月22日12时7分9秒/2017-05-22 12:07:08
2017年5月22日12时7分1秒-房产数量已达上限，不能投资
2017年5月22日12时7分1秒-该地图没有你的房产
2017年5月22日12时7分1秒-全地图收益：41 ▲个人收益：16 ▲一圈大概花费约：11
2017年5月22日12时7分1秒-当前地图：焰浆地狱[序号121] 价值：50
2017年5月22日12时7分1秒-【补全地图数据】
2017年5月22日12时7分1秒-【盟军圈地掷骰子成功返回-地图数据不完整:50】
2017年5月22日12时7分1秒-点数：【6】 机动力：103
2017年5月22日12时7分1秒-没有剩余的遥控次数，直接普通方式投掷骰子……
2017年5月22日12时7分1秒-机动：104 时刻：2017年5月22日12时7分8秒/2017-05-22 12:04:07
2017年5月22日12时7分-机动：104 时刻：2017年5月22日12时7分7秒/2017-05-22 12:04:07
2017年5月22日12时4分1秒-机动：100 时刻：2017年5月22日12时4分8秒/2017-05-22 12:04:07
2017年5月22日12时4分-房产数量已达上限，不能投资
2017年5月22日12时4分-该地图没有你的房产
2017年5月22日12时4分-全地图收益：41 ▲个人收益：16 ▲一圈大概花费约：11
2017年5月22日12时4分-当前地图：武当前山[序号115] 价值：60
2017年5月22日12时4分-【补全地图数据】
2017年5月22日12时4分-【盟军圈地掷骰子成功返回-地图数据不完整:50】
2017年5月22日12时4分-点数：【4】 机动力：100
2017年5月22日12时4分-没有剩余的遥控次数，直接普通方式投掷骰子……
2017年5月22日12时4分-机动：101 时刻：2017年5月22日12时4分7秒/2017-05-22 12:01:06
2017年5月22日12时3分59秒-机动：101 时刻：2017年5月22日12时4分6秒/2017-05-22 12:01:06
2017年5月22日12时1分-机动：101 时刻：2017年5月22日12时1分7秒/2017-05-22 12:01:06
2017年5月22日12时0分59秒-房产数量已达上限，不能投资
2017年5月22日12时0分59秒-该地图没有你的房产
2017年5月22日12时0分59秒-全地图收益：41 ▲个人收益：16 ▲一圈大概花费约：11
2017年5月22日12时0分59秒-当前地图：斑鸠小舍[序号111] 价值：40
2017年5月22日12时0分59秒-【补全地图数据】
2017年5月22日12时0分59秒-【盟军圈地掷骰子成功返回-地图数据不完整:50】
2017年5月22日12时0分59秒-点数：【5】 机动力：101
2017年5月22日12时0分59秒-没有剩余的遥控次数，直接普通方式投掷骰子……
2017年5月22日12时0分59秒-机动：102 时刻：2017年5月22日12时1分6秒/2017-05-22 11:58:05
2017年5月22日12时0分58秒-机动：102 时刻：2017年5月22日12时1分5秒/2017-05-22 11:58:05
2017年5月22日11时57分59秒-机动：102 时刻：2017年5月22日11时58分6秒/2017-05-22 11:58:05
2017年5月22日11时57分58秒-房产数量已达上限，不能投资
2017年5月22日11时57分58秒-该地图没有你的房产
2017年5月22日11时57分58秒-全地图收益：41 ▲个人收益：16 ▲一圈大概花费约：11
2017年5月22日11时57分58秒-当前地图：天灯地狱[序号106] 价值：50
2017年5月22日11时57分58秒-【补全地图数据】
2017年5月22日11时57分58秒-【盟军圈地掷骰子成功返回-地图数据不完整:50】
2017年5月22日11时57分58秒-点数：【5】 机动力：102
2017年5月22日11时57分58秒-没有剩余的遥控次数，直接普通方式投掷骰子……
2017年5月22日11时57分58秒-机动：103 时刻：2017年5月22日11时58分5秒/2017-05-22 11:55:04
2017年5月22日11时54分58秒-机动：103 时刻：2017年5月22日11时55分5秒/2017-05-22 11:55:04
2017年5月22日11时54分58秒-房产数量已达上限，不能投资
2017年5月22日11时54分58秒-该地图没有你的房产
2017年5月22日11时54分57秒-全地图收益：41 ▲个人收益：16 ▲一圈大概花费约：11
2017年5月22日11时54分57秒-当前地图：逆之轮回[序号101] 价值：40
2017年5月22日11时54分57秒-【补全地图数据】
2017年5月22日11时54分57秒-【盟军圈地掷骰子成功返回-地图数据不完整:50】
2017年5月22日11时54分57秒-点数：【2】 机动力：103
2017年5月22日11时54分57秒-没有剩余的遥控次数，直接普通方式投掷骰子……
2017年5月22日11时54分57秒-机动：104 时刻：2017年5月22日11时55分4秒/2017-05-22 11:52:03
2017年5月22日11时54分56秒-机动：104 时刻：2017年5月22日11时55分3秒/2017-05-22 11:52:03
2017年5月22日11时51分57秒-机动：104 时刻：2017年5月22日11时52分4秒/2017-05-22 11:52:03
2017年5月22日11时51分56秒-房产数量已达上限，不能投资
2017年5月22日11时51分56秒-该地图没有你的房产
2017年5月22日11时51分56秒-全地图收益：41 ▲个人收益：16 ▲一圈大概花费约：11
2017年5月22日11时51分56秒-当前地图：辗肢地狱[序号99] 价值：50
2017年5月22日11时51分56秒-【补全地图数据】
2017年5月22日11时51分56秒-【盟军圈地掷骰子成功返回-地图数据不完整:51】
2017年5月22日11时51分56秒-点数：【3】 机动力：104
2017年5月22日11时51分56秒-没有剩余的遥控次数，直接普通方式投掷骰子……
2017年5月22日11时51分56秒-机动：105 时刻：2017年5月22日11时52分3秒/2017-05-22 11:49:02
2017年5月22日11时51分55秒-机动：105 时刻：2017年5月22日11时52分2秒/2017-05-22 11:49:02
2017年5月22日11时48分56秒-机动：105 时刻：2017年5月22日11时49分3秒/2017-05-22 11:49:02
2017年5月22日11时48分55秒-房产数量已达上限，不能投资
2017年5月22日11时48分55秒-该地图没有你的房产
2017年5月22日11时48分55秒-全地图收益：41 ▲个人收益：16 ▲一圈大概花费约：11
2017年5月22日11时48分55秒-当前地图：降尘台[序号96] 价值：90
2017年5月22日11时48分55秒-【补全地图数据】
2017年5月22日11时48分55秒-【盟军圈地掷骰子成功返回-地图数据不完整:51】
2017年5月22日11时48分55秒-点数：【4】 机动力：105
2017年5月22日11时48分55秒-没有剩余的遥控次数，直接普通方式投掷骰子……
2017年5月22日11时48分55秒-机动：106 时刻：2017年5月22日11时49分2秒/2017-05-22 11:46:01
2017年5月22日11时48分54秒-机动：106 时刻：2017年5月22日11时49分1秒/2017-05-22 11:46:01
2017年5月22日11时45分55秒-机动：106 时刻：2017年5月22日11时46分2秒/2017-05-22 11:46:01
2017年5月22日11时45分54秒-房产数量已达上限，不能投资
2017年5月22日11时45分54秒-该地图没有你的房产
2017年5月22日11时45分54秒-全地图收益：41 ▲个人收益：16 ▲一圈大概花费约：11
2017年5月22日11时45分54秒-当前地图：千佛殿[序号92] 价值：60
2017年5月22日11时45分54秒-【补全地图数据】
2017年5月22日11时45分54秒-【盟军圈地掷骰子成功返回-地图数据不完整:51】
2017年5月22日11时45分54秒-点数：【3】 机动力：106
2017年5月22日11时45分54秒-没有剩余的遥控次数，直接普通方式投掷骰子……
2017年5月22日11时45分54秒-机动：107 时刻：2017年5月22日11时46分1秒/2017-05-22 11:43:00
2017年5月22日11时45分53秒-机动：103 时刻：2017年5月22日11时46分/2017-05-22 11:43:00
2017年5月22日11时42分54秒-机动：103 时刻：2017年5月22日11时43分1秒/2017-05-22 11:43:00
2017年5月22日11时42分53秒-房产数量已达上限，不能投资
2017年5月22日11时42分53秒-该地图没有你的房产
2017年5月22日11时42分53秒-全地图收益：41 ▲个人收益：16 ▲一圈大概花费约：11
2017年5月22日11时42分53秒-当前地图：雪狼湖[序号89] 价值：70
2017年5月22日11时42分53秒-【补全地图数据】
2017年5月22日11时42分53秒-【盟军圈地掷骰子成功返回-地图数据不完整:51】
2017年5月22日11时42分53秒-点数：【5】 机动力：103
2017年5月22日11时42分53秒-没有剩余的遥控次数，直接普通方式投掷骰子……
2017年5月22日11时42分53秒-机动：104 时刻：2017年5月22日11时43分/2017-05-22 11:39:59
2017年5月22日11时42分52秒-机动：104 时刻：2017年5月22日11时42分59秒/2017-05-22 11:39:59
2017年5月22日11时39分53秒-机动：104 时刻：2017年5月22日11时40分/2017-05-22 11:39:59
2017年5月22日11时39分52秒-房产数量已达上限，不能投资
2017年5月22日11时39分52秒-该地图没有你的房产
2017年5月22日11时39分52秒-全地图收益：41 ▲个人收益：16 ▲一圈大概花费约：11
2017年5月22日11时39分52秒-当前地图：鸟鸣谷[序号84] 价值：30
2017年5月22日11时39分52秒-点数：【2】 机动力：104
2017年5月22日11时39分52秒-没有剩余的遥控次数，直接普通方式投掷骰子……
2017年5月22日11时39分52秒-机动：105 时刻：2017年5月22日11时39分59秒/2017-05-22 11:36:58
2017年5月22日11时39分51秒-机动：105 时刻：2017年5月22日11时39分58秒/2017-05-22 11:36:58
2017年5月22日11时36分51秒-机动：105 时刻：2017年5月22日11时36分59秒/2017-05-22 11:36:58
2017年5月22日11时36分51秒-房产数量已达上限，不能投资
2017年5月22日11时36分51秒-该地图没有你的房产
2017年5月22日11时36分51秒-全地图收益：41 ▲个人收益：16 ▲一圈大概花费约：11
2017年5月22日11时36分51秒-当前地图：浮影水城外郊[序号82] 价值：10
2017年5月22日11时36分51秒-【补全地图数据】
2017年5月22日11时36分51秒-【盟军圈地掷骰子成功返回-地图数据不完整:51】
2017年5月22日11时36分51秒-点数：【1】 机动力：105
2017年5月22日11时36分51秒-没有剩余的遥控次数，直接普通方式投掷骰子……
2017年5月22日11时36分50秒-机动：106 时刻：2017年5月22日11时36分58秒/2017-05-22 11:33:57
2017年5月22日11时33分51秒-机动：106 时刻：2017年5月22日11时33分58秒/2017-05-22 11:33:57
2017年5月22日11时33分50秒-房产数量已达上限，不能投资
2017年5月22日11时33分50秒-该地图没有你的房产
2017年5月22日11时33分50秒-全地图收益：41 ▲个人收益：16 ▲一圈大概花费约：11
2017年5月22日11时33分50秒-当前地图：翔云幻城[序号81] 价值：90
2017年5月22日11时33分50秒-【补全地图数据】
2017年5月22日11时33分50秒-【盟军圈地掷骰子成功返回-地图数据不完整:51】
2017年5月22日11时33分50秒-点数：【6】 机动力：106
2017年5月22日11时33分50秒-没有剩余的遥控次数，直接普通方式投掷骰子……
2017年5月22日11时33分50秒-机动：107 时刻：2017年5月22日11时33分57秒/2017-05-22 11:30:56
2017年5月22日11时33分49秒-机动：107 时刻：2017年5月22日11时33分56秒/2017-05-22 11:30:56
2017年5月22日11时30分50秒-机动：107 时刻：2017年5月22日11时30分57秒/2017-05-22 11:30:56
2017年5月22日11时30分49秒-房产数量已达上限，不能投资
2017年5月22日11时30分49秒-该地图没有你的房产
2017年5月22日11时30分49秒-全地图收益：41 ▲个人收益：16 ▲一圈大概花费约：11
2017年5月22日11时30分49秒-当前地图：铁索桥[序号75] 价值：50
2017年5月22日11时30分49秒-【补全地图数据】
2017年5月22日11时30分49秒-【盟军圈地掷骰子成功返回-地图数据不完整:51】
2017年5月22日11时30分49秒-点数：【5】 机动力：107
2017年5月22日11时30分49秒-没有剩余的遥控次数，直接普通方式投掷骰子……
2017年5月22日11时30分49秒-机动：108 时刻：2017年5月22日11时30分56秒/2017-05-22 11:27:55
2017年5月22日11时30分48秒-机动：108 时刻：2017年5月22日11时30分55秒/2017-05-22 11:27:55
2017年5月22日11时27分49秒-机动：108 时刻：2017年5月22日11时27分56秒/2017-05-22 11:27:55
2017年5月22日11时27分48秒-房产数量已达上限，不能投资
2017年5月22日11时27分48秒-该地图没有你的房产
2017年5月22日11时27分48秒-全地图收益：41 ▲个人收益：16 ▲一圈大概花费约：11
2017年5月22日11时27分48秒-当前地图：逆之往事[序号70] 价值：40
2017年5月22日11时27分48秒-【补全地图数据】
2017年5月22日11时27分48秒-【盟军圈地掷骰子成功返回-地图数据不完整:51】
2017年5月22日11时27分48秒-点数：【5】 机动力：108
2017年5月22日11时27分48秒-没有剩余的遥控次数，直接普通方式投掷骰子……
2017年5月22日11时27分48秒-机动：109 时刻：2017年5月22日11时27分55秒/2017-05-22 11:24:54
2017年5月22日11时27分47秒-机动：109 时刻：2017年5月22日11时27分54秒/2017-05-22 11:24:54
2017年5月22日11时24分48秒-机动：105 时刻：2017年5月22日11时24分55秒/2017-05-22 11:24:54
2017年5月22日11时24分47秒-房产数量已达上限，不能投资
2017年5月22日11时24分47秒-该地图没有你的房产
2017年5月22日11时24分47秒-全地图收益：41 ▲个人收益：16 ▲一圈大概花费约：11
2017年5月22日11时24分47秒-当前地图：梦佛窟[序号65] 价值：20
2017年5月22日11时24分47秒-【补全地图数据】
2017年5月22日11时24分47秒-【盟军圈地掷骰子成功返回-地图数据不完整:51】
2017年5月22日11时24分47秒-点数：【3】 机动力：105
2017年5月22日11时24分47秒-没有剩余的遥控次数，直接普通方式投掷骰子……
2017年5月22日11时24分47秒-机动：106 时刻：2017年5月22日11时24分54秒/2017-05-22 11:21:53
2017年5月22日11时24分46秒-机动：106 时刻：2017年5月22日11时24分53秒/2017-05-22 11:21:53
2017年5月22日11时21分47秒-机动：106 时刻：2017年5月22日11时21分54秒/2017-05-22 11:21:53
2017年5月22日11时21分46秒-房产数量已达上限，不能投资
2017年5月22日11时21分46秒-该地图没有你的房产
2017年5月22日11时21分46秒-全地图收益：41 ▲个人收益：16 ▲一圈大概花费约：11
2017年5月22日11时21分46秒-当前地图：魔界入口[序号62] 价值：50
2017年5月22日11时21分46秒-【补全地图数据】
2017年5月22日11时21分46秒-【盟军圈地掷骰子成功返回-地图数据不完整:51】
2017年5月22日11时21分46秒-点数：【6】 机动力：106
2017年5月22日11时21分46秒-没有剩余的遥控次数，直接普通方式投掷骰子……
2017年5月22日11时21分46秒-机动：107 时刻：2017年5月22日11时21分53秒/2017-05-22 11:18:52
2017年5月22日11时21分45秒-机动：107 时刻：2017年5月22日11时21分52秒/2017-05-22 11:18:52
2017年5月22日11时18分46秒-机动：107 时刻：2017年5月22日11时18分53秒/2017-05-22 11:18:52
2017年5月22日11时18分45秒-房产数量已达上限，不能投资
2017年5月22日11时18分45秒-该地图没有你的房产
2017年5月22日11时18分45秒-全地图收益：41 ▲个人收益：16 ▲一圈大概花费约：11
2017年5月22日11时18分45秒-当前地图：华山脚[序号56] 价值：60
2017年5月22日11时18分45秒-【补全地图数据】
2017年5月22日11时18分45秒-【盟军圈地掷骰子成功返回-地图数据不完整:51】
2017年5月22日11时18分45秒-点数：【2】 机动力：107
2017年5月22日11时18分45秒-没有剩余的遥控次数，直接普通方式投掷骰子……
2017年5月22日11时18分45秒-机动：108 时刻：2017年5月22日11时18分52秒/2017-05-22 11:15:51
2017年5月22日11时18分44秒-机动：108 时刻：2017年5月22日11时18分51秒/2017-05-22 11:15:51
2017年5月22日11时15分44秒-机动：108 时刻：2017年5月22日11时15分52秒/2017-05-22 11:15:51
2017年5月22日11时15分43秒-房产数量已达上限，不能投资
2017年5月22日11时15分43秒-该地图没有你的房产
2017年5月22日11时15分43秒-全地图收益：41 ▲个人收益：16 ▲一圈大概花费约：11
2017年5月22日11时15分43秒-当前地图：东海龙宫[序号54] 价值：70
2017年5月22日11时15分43秒-点数：【8】 机动力：108
2017年5月22日11时15分43秒-没有剩余的遥控次数，直接普通方式投掷骰子……
2017年5月22日11时15分43秒-机动：109 时刻：2017年5月22日11时15分51秒/2017-05-22 11:12:50
2017年5月22日11时12分44秒-机动：109 时刻：2017年5月22日11时12分51秒/2017-05-22 11:12:50
2017年5月22日11时12分43秒-房产数量已达上限，不能投资
2017年5月22日11时12分43秒-该地图没有你的房产
2017年5月22日11时12分43秒-全地图收益：41 ▲个人收益：16 ▲一圈大概花费约：11
2017年5月22日11时12分43秒-当前地图：小房间[序号46] 价值：70
2017年5月22日11时12分43秒-【补全地图数据】
2017年5月22日11时12分43秒-【盟军圈地掷骰子成功返回-地图数据不完整:51】
2017年5月22日11时12分43秒-点数：【8】 机动力：109
2017年5月22日11时12分43秒-没有剩余的遥控次数，直接普通方式投掷骰子……
2017年5月22日11时12分43秒-机动：110 时刻：2017年5月22日11时12分50秒/2017-05-22 11:09:49
2017年5月22日11时12分42秒-机动：110 时刻：2017年5月22日11时12分49秒/2017-05-22 11:09:49
2017年5月22日11时9分43秒-机动：110 时刻：2017年5月22日11时9分50秒/2017-05-22 11:09:49
2017年5月22日11时9分42秒-房产数量已达上限，不能投资
2017年5月22日11时9分42秒-该地图没有你的房产
2017年5月22日11时9分42秒-全地图收益：41 ▲个人收益：16 ▲一圈大概花费约：11
2017年5月22日11时9分42秒-当前地图：逆之心情[序号38] 价值：40
2017年5月22日11时9分42秒-【补全地图数据】
2017年5月22日11时9分42秒-【盟军圈地掷骰子成功返回-地图数据不完整:51】
2017年5月22日11时9分42秒-点数：【1】 机动力：110
2017年5月22日11时9分42秒-没有剩余的遥控次数，直接普通方式投掷骰子……
2017年5月22日11时9分42秒-机动：111 时刻：2017年5月22日11时9分49秒/2017-05-22 11:06:48
2017年5月22日11时9分41秒-机动：111 时刻：2017年5月22日11时9分48秒/2017-05-22 11:06:48
2017年5月22日11时6分42秒-机动：111 时刻：2017年5月22日11时6分49秒/2017-05-22 11:06:48
2017年5月22日11时6分41秒-房产数量已达上限，不能投资
2017年5月22日11时6分41秒-该地图没有你的房产
2017年5月22日11时6分41秒-全地图收益：41 ▲个人收益：16 ▲一圈大概花费约：11
2017年5月22日11时6分41秒-当前地图：铡头地狱[序号37] 价值：50
2017年5月22日11时6分41秒-【补全地图数据】
2017年5月22日11时6分41秒-【盟军圈地掷骰子成功返回-地图数据不完整:51】
2017年5月22日11时6分41秒-点数：【4】 机动力：111
2017年5月22日11时6分41秒-没有剩余的遥控次数，直接普通方式投掷骰子……
2017年5月22日11时6分41秒-机动：112 时刻：2017年5月22日11时6分48秒/2017-05-22 11:03:47
2017年5月22日11时6分40秒-机动：112 时刻：2017年5月22日11时6分47秒/2017-05-22 11:03:47
2017年5月22日11时3分41秒-机动：108 时刻：2017年5月22日11时3分48秒/2017-05-22 11:03:47
2017年5月22日11时3分40秒-房产数量已达上限，不能投资
2017年5月22日11时3分40秒-该地图没有你的房产
2017年5月22日11时3分40秒-全地图收益：41 ▲个人收益：16 ▲一圈大概花费约：11
2017年5月22日11时3分40秒-当前地图：过道[序号33] 价值：70
2017年5月22日11时3分40秒-【补全地图数据】
2017年5月22日11时3分40秒-【盟军圈地掷骰子成功返回-地图数据不完整:51】
2017年5月22日11时3分40秒-点数：【9】 机动力：108
2017年5月22日11时3分40秒-没有剩余的遥控次数，直接普通方式投掷骰子……
2017年5月22日11时3分40秒-机动：109 时刻：2017年5月22日11时3分47秒/2017-05-22 11:00:46
2017年5月22日11时3分39秒-机动：109 时刻：2017年5月22日11时3分46秒/2017-05-22 11:00:46
2017年5月22日11时0分39秒-机动：109 时刻：2017年5月22日11时0分47秒/2017-05-22 11:00:46
2017年5月22日11时0分39秒-房产数量已达上限，不能投资
2017年5月22日11时0分39秒-该地图没有你的房产
2017年5月22日11时0分38秒-全地图收益：41 ▲个人收益：16 ▲一圈大概花费约：11
2017年5月22日11时0分38秒-当前地图：紫宵宫[序号24] 价值：60
2017年5月22日11时0分38秒-【补全地图数据】
2017年5月22日11时0分38秒-【盟军圈地掷骰子成功返回-地图数据不完整:51】
2017年5月22日11时0分38秒-点数：【2】 机动力：109
2017年5月22日11时0分38秒-没有剩余的遥控次数，直接普通方式投掷骰子……
2017年5月22日11时0分38秒-机动：110 时刻：2017年5月22日11时0分46秒/2017-05-22 10:57:44
2017年5月22日10时57分38秒-机动：110 时刻：2017年5月22日10时57分46秒/2017-05-22 10:57:44
2017年5月22日10时57分37秒-房产数量已达上限，不能投资
2017年5月22日10时57分37秒-该地图没有你的房产
2017年5月22日10时57分37秒-全地图收益：41 ▲个人收益：16 ▲一圈大概花费约：11
2017年5月22日10时57分37秒-当前地图：钉床地狱[序号22] 价值：50
2017年5月22日10时57分37秒-【补全地图数据】
2017年5月22日10时57分37秒-【盟军圈地掷骰子成功返回-地图数据不完整:51】
2017年5月22日10时57分37秒-点数：【9】 机动力：110
2017年5月22日10时57分37秒-没有剩余的遥控次数，直接普通方式投掷骰子……
2017年5月22日10时57分37秒-机动：111 时刻：2017年5月22日10时57分44秒/2017-05-22 10:54:42
2017年5月22日10时54分36秒-机动：111 时刻：2017年5月22日10时54分43秒/2017-05-22 10:54:42
2017年5月22日10时54分35秒-房产数量已达上限，不能投资
2017年5月22日10时54分35秒-该地图没有你的房产
2017年5月22日10时54分35秒-全地图收益：41 ▲个人收益：16 ▲一圈大概花费约：11
2017年5月22日10时54分35秒-当前地图：海底皇宫[序号13] 价值：70
2017年5月22日10时54分35秒-【补全地图数据】
2017年5月22日10时54分35秒-【盟军圈地掷骰子成功返回-地图数据不完整:51】
2017年5月22日10时54分35秒-点数：【5】 机动力：111
2017年5月22日10时54分35秒-没有剩余的遥控次数，直接普通方式投掷骰子……
2017年5月22日10时54分35秒-机动：112 时刻：2017年5月22日10时54分42秒/2017-05-22 10:51:40
2017年5月22日10时51分33秒-机动：112 时刻：2017年5月22日10时51分40秒/2017-05-22 10:51:40
2017年5月22日10时51分32秒-房产数量已达上限，不能投资
2017年5月22日10时51分32秒-该地图没有你的房产
2017年5月22日10时51分32秒-全地图收益：41 ▲个人收益：16 ▲一圈大概花费约：11
2017年5月22日10时51分32秒-当前地图：炮烙地狱[序号8] 价值：50
2017年5月22日10时51分32秒-【补全地图数据】
2017年5月22日10时51分32秒-【盟军圈地掷骰子成功返回-地图数据不完整:50】
2017年5月22日10时51分32秒-点数：【9】 收入：116 第【1】次经过起点 机动力：112
2017年5月22日10时51分32秒-没有剩余的遥控次数，直接普通方式投掷骰子……
2017年5月22日10时51分32秒-机动：113 时刻：2017年5月22日10时51分39秒/2017-05-22 10:48:38
2017年5月22日10时48分32秒-机动：113 时刻：2017年5月22日10时48分39秒/2017-05-22 10:48:38
2017年5月22日10时48分31秒-房产数量已达上限，不能投资
2017年5月22日10时48分31秒-该地图没有你的房产
2017年5月22日10时48分31秒-全地图收益：41 ▲个人收益：16 ▲一圈大概花费约：11
2017年5月22日10时48分31秒-当前地图：晚枫林[序号146] 价值：40
2017年5月22日10时48分31秒-【补全地图数据】
2017年5月22日10时48分31秒-【盟军圈地掷骰子成功返回-地图数据不完整:50】
2017年5月22日10时48分31秒-点数：【4】 机动力：113
2017年5月22日10时48分31秒-没有剩余的遥控次数，直接普通方式投掷骰子……
2017年5月22日10时48分31秒-机动：114 时刻：2017年5月22日10时48分38秒/2017-05-22 10:45:37
2017年5月22日10时45分31秒-机动：110 时刻：2017年5月22日10时45分38秒/2017-05-22 10:45:37
2017年5月22日10时45分30秒-房产数量已达上限，不能投资
2017年5月22日10时45分30秒-该地图没有你的房产
2017年5月22日10时45分30秒-全地图收益：41 ▲个人收益：16 ▲一圈大概花费约：11
2017年5月22日10时45分30秒-当前地图：名剑山庄正院[序号142] 价值：60
2017年5月22日10时45分30秒-【补全地图数据】
2017年5月22日10时45分30秒-【盟军圈地掷骰子成功返回-地图数据不完整:50】
2017年5月22日10时45分30秒-点数：【8】 机动力：110
2017年5月22日10时45分30秒-没有剩余的遥控次数，直接普通方式投掷骰子……
2017年5月22日10时45分30秒-机动：111 时刻：2017年5月22日10时45分37秒/2017-05-22 10:42:35
2017年5月22日10时42分29秒-机动：111 时刻：2017年5月22日10时42分36秒/2017-05-22 10:42:35
2017年5月22日10时42分28秒-房产数量已达上限，不能投资
2017年5月22日10时42分28秒-该地图没有你的房产
2017年5月22日10时42分28秒-全地图收益：41 ▲个人收益：16 ▲一圈大概花费约：11
2017年5月22日10时42分28秒-当前地图：镜雪原[序号134] 价值：30
2017年5月22日10时42分28秒-【补全地图数据】
2017年5月22日10时42分28秒-【盟军圈地掷骰子成功返回-地图数据不完整:50】
2017年5月22日10时42分28秒-点数：【6】 机动力：111
2017年5月22日10时42分28秒-没有剩余的遥控次数，直接普通方式投掷骰子……
2017年5月22日10时42分28秒-机动：112 时刻：2017年5月22日10时42分35秒/2017-05-22 10:39:33
2017年5月22日10时39分27秒-机动：112 时刻：2017年5月22日10时39分34秒/2017-05-22 10:39:33
2017年5月22日10时39分26秒-房产数量已达上限，不能投资
2017年5月22日10时39分26秒-该地图没有你的房产
2017年5月22日10时39分26秒-全地图收益：41 ▲个人收益：16 ▲一圈大概花费约：11
2017年5月22日10时39分26秒-当前地图：凰之谷[序号128] 价值：40
2017年5月22日10时39分26秒-【补全地图数据】
2017年5月22日10时39分26秒-【盟军圈地掷骰子成功返回-地图数据不完整:50】
2017年5月22日10时39分26秒-点数：【1】 机动力：112
2017年5月22日10时39分26秒-没有剩余的遥控次数，直接普通方式投掷骰子……
2017年5月22日10时39分26秒-机动：113 时刻：2017年5月22日10时39分33秒/2017-05-22 10:36:31
2017年5月22日10时36分24秒-机动：113 时刻：2017年5月22日10时36分32秒/2017-05-22 10:36:31
2017年5月22日10时36分23秒-房产数量已达上限，不能投资
2017年5月22日10时36分23秒-该地图没有你的房产
2017年5月22日10时36分23秒-全地图收益：41 ▲个人收益：16 ▲一圈大概花费约：11
2017年5月22日10时36分23秒-当前地图：流沙原[序号127] 价值：20
2017年5月22日10时36分23秒-点数：【3】 机动力：113
2017年5月22日10时36分23秒-没有剩余的遥控次数，直接普通方式投掷骰子……
2017年5月22日10时36分23秒-机动：114 时刻：2017年5月22日10时36分30秒/2017-05-22 10:33:28
2017年5月22日10时33分22秒-机动：114 时刻：2017年5月22日10时33分29秒/2017-05-22 10:33:28
2017年5月22日10时33分21秒-房产数量已达上限，不能投资
2017年5月22日10时33分21秒-该地图没有你的房产
2017年5月22日10时33分21秒-全地图收益：41 ▲个人收益：16 ▲一圈大概花费约：11
2017年5月22日10时33分21秒-当前地图：名剑山庄前厅[序号124] 价值：60
2017年5月22日10时33分21秒-【补全地图数据】
2017年5月22日10时33分21秒-【盟军圈地掷骰子成功返回-地图数据不完整:50】
2017年5月22日10时33分21秒-点数：【7】 机动力：114
2017年5月22日10时33分21秒-没有剩余的遥控次数，直接普通方式投掷骰子……
2017年5月22日10时33分21秒-机动：115 时刻：2017年5月22日10时33分28秒/2017-05-22 10:30:26
2017年5月22日10时30分20秒-机动：115 时刻：2017年5月22日10时30分28秒/2017-05-22 10:30:26
2017年5月22日10时30分19秒-房产数量已达上限，不能投资
2017年5月22日10时30分19秒-该地图没有你的房产
2017年5月22日10时30分19秒-全地图收益：41 ▲个人收益：16 ▲一圈大概花费约：11
2017年5月22日10时30分19秒-当前地图：古城遗址[序号117] 价值：20
2017年5月22日10时30分19秒-【补全地图数据】
2017年5月22日10时30分19秒-【盟军圈地掷骰子成功返回-地图数据不完整:50】
2017年5月22日10时30分19秒-点数：【3】 机动力：115
2017年5月22日10时30分19秒-没有剩余的遥控次数，直接普通方式投掷骰子……
2017年5月22日10时30分19秒-机动：116 时刻：2017年5月22日10时30分26秒/2017-05-22 10:27:24
2017年5月22日10时27分18秒-机动：116 时刻：2017年5月22日10时27分25秒/2017-05-22 10:27:24
2017年5月22日10时27分17秒-房产数量已达上限，不能投资
2017年5月22日10时27分17秒-该地图没有你的房产
2017年5月22日10时27分17秒-全地图收益：41 ▲个人收益：16 ▲一圈大概花费约：11
2017年5月22日10时27分17秒-当前地图：黄泥岗[序号114] 价值：30
2017年5月22日10时27分17秒-【补全地图数据】
2017年5月22日10时27分17秒-【盟军圈地掷骰子成功返回-地图数据不完整:50】
2017年5月22日10时27分17秒-点数：【3】 机动力：116
2017年5月22日10时27分17秒-没有剩余的遥控次数，直接普通方式投掷骰子……
2017年5月22日10时27分17秒-机动：117 时刻：2017年5月22日10时27分24秒/2017-05-22 10:24:21
2017年5月22日10时24分15秒-机动：113 时刻：2017年5月22日10时24分22秒/2017-05-22 10:24:21
2017年5月22日10时24分14秒-房产数量已达上限，不能投资
2017年5月22日10时24分14秒-该地图没有你的房产
2017年5月22日10时24分14秒-全地图收益：41 ▲个人收益：16 ▲一圈大概花费约：11
2017年5月22日10时24分14秒-当前地图：斑鸠小舍[序号111] 价值：40
2017年5月22日10时24分14秒-【补全地图数据】
2017年5月22日10时24分14秒-【盟军圈地掷骰子成功返回-地图数据不完整:50】
2017年5月22日10时24分14秒-点数：【1】 机动力：113
2017年5月22日10时24分14秒-没有剩余的遥控次数，直接普通方式投掷骰子……
2017年5月22日10时24分14秒-机动：114 时刻：2017年5月22日10时24分21秒/2017-05-22 10:21:19
2017年5月22日10时21分12秒-机动：114 时刻：2017年5月22日10时21分20秒/2017-05-22 10:21:19
2017年5月22日10时21分12秒-房产数量已达上限，不能投资
2017年5月22日10时21分12秒-该地图没有你的房产
2017年5月22日10时21分12秒-全地图收益：41 ▲个人收益：16 ▲一圈大概花费约：11
2017年5月22日10时21分12秒-当前地图：闲情园[序号110] 价值：10
2017年5月22日10时21分12秒-【补全地图数据】
2017年5月22日10时21分11秒-【盟军圈地掷骰子成功返回-地图数据不完整:50】
2017年5月22日10时21分11秒-点数：【1】 机动力：114
2017年5月22日10时21分11秒-没有剩余的遥控次数，直接普通方式投掷骰子……
2017年5月22日10时21分11秒-机动：115 时刻：2017年5月22日10时21分19秒/2017-05-22 10:18:16
2017年5月22日10时18分10秒-机动：115 时刻：2017年5月22日10时18分17秒/2017-05-22 10:18:16
2017年5月22日10时18分9秒-房产数量已达上限，不能投资
2017年5月22日10时18分9秒-该地图没有你的房产
2017年5月22日10时18分9秒-全地图收益：41 ▲个人收益：16 ▲一圈大概花费约：11
2017年5月22日10时18分9秒-当前地图：圣泉台[序号109] 价值：90
2017年5月22日10时18分9秒-【补全地图数据】
2017年5月22日10时18分9秒-【盟军圈地掷骰子成功返回-地图数据不完整:50】
2017年5月22日10时18分9秒-点数：【7】 机动力：115
2017年5月22日10时18分9秒-没有剩余的遥控次数，直接普通方式投掷骰子……
2017年5月22日10时18分9秒-机动：116 时刻：2017年5月22日10时18分16秒/2017-05-22 10:15:14
2017年5月22日10时15分8秒-机动：116 时刻：2017年5月22日10时15分15秒/2017-05-22 10:15:14
2017年5月22日10时15分7秒-房产数量已达上限，不能投资
2017年5月22日10时15分7秒-该地图没有你的房产
2017年5月22日10时15分7秒-全地图收益：41 ▲个人收益：16 ▲一圈大概花费约：11
2017年5月22日10时15分7秒-当前地图：冰清桥[序号102] 价值：30
2017年5月22日10时15分7秒-【补全地图数据】
2017年5月22日10时15分7秒-【盟军圈地掷骰子成功返回-地图数据不完整:50】
2017年5月22日10时15分7秒-点数：【2】 机动力：116
2017年5月22日10时15分7秒-没有剩余的遥控次数，直接普通方式投掷骰子……
2017年5月22日10时15分7秒-机动：117 时刻：2017年5月22日10时15分14秒/2017-05-22 10:12:12
2017年5月22日10时12分6秒-机动：117 时刻：2017年5月22日10时12分13秒/2017-05-22 10:12:12
2017年5月22日10时12分5秒-房产数量已达上限，不能投资
2017年5月22日10时12分5秒-该地图没有你的房产
2017年5月22日10时12分5秒-全地图收益：41 ▲个人收益：16 ▲一圈大概花费约：11
2017年5月22日10时12分5秒-当前地图：守候洞窟[序号100] 价值：80
2017年5月22日10时12分5秒-【补全地图数据】
2017年5月22日10时12分5秒-【盟军圈地掷骰子成功返回-地图数据不完整:50】
2017年5月22日10时12分5秒-点数：【7】 机动力：117
2017年5月22日10时12分5秒-没有剩余的遥控次数，直接普通方式投掷骰子……
2017年5月22日10时12分5秒-机动：118 时刻：2017年5月22日10时12分12秒/2017-05-22 10:09:10
2017年5月22日10时9分4秒-机动：118 时刻：2017年5月22日10时9分11秒/2017-05-22 10:09:10
2017年5月22日10时9分3秒-房产数量已达上限，不能投资
2017年5月22日10时9分3秒-该地图没有你的房产
2017年5月22日10时9分3秒-全地图收益：41 ▲个人收益：16 ▲一圈大概花费约：11
2017年5月22日10时9分3秒-当前地图：炉烧地狱[序号93] 价值：50
2017年5月22日10时9分3秒-【补全地图数据】
2017年5月22日10时9分3秒-【盟军圈地掷骰子成功返回-地图数据不完整:51】
2017年5月22日10时9分3秒-点数：【6】 机动力：118
2017年5月22日10时9分3秒-没有剩余的遥控次数，直接普通方式投掷骰子……
2017年5月22日10时9分3秒-机动：119 时刻：2017年5月22日10时9分10秒/2017-05-22 10:06:08
2017年5月22日10时7分27秒-[21]的收益：17/340 [ 5-80/1 19-90/1 ]
2017年5月22日10时7分27秒-★[4]的收益：16/320 [ 9-80/1 18-80/1 ]
2017年5月22日10时7分27秒-[1]的收益：8/160 [ 5-80/1 ]
2017年5月22日10时6分1秒-机动：119 时刻：2017年5月22日10时6分9秒/2017-05-22 10:06:08
2017年5月22日10时6分-房产数量已达上限，不能投资
2017年5月22日10时6分-该地图没有你的房产
2017年5月22日10时6分-全地图收益：41 ▲个人收益：16 ▲一圈大概花费约：11
2017年5月22日10时6分-当前地图：绞肉地狱[序号87] 价值：50
2017年5月22日10时6分-【补全地图数据】
2017年5月22日10时6分-【盟军圈地掷骰子成功返回-地图数据不完整:51】
2017年5月22日10时6分-点数：【6】 机动力：119
2017年5月22日10时6分-没有剩余的遥控次数，直接普通方式投掷骰子……
2017年5月22日10时6分-机动：120 时刻：2017年5月22日10时6分8秒/2017-05-22 10:03:05
2017年5月22日10时2分59秒-机动：116 时刻：2017年5月22日10时3分6秒/2017-05-22 10:03:05
2017年5月22日10时2分58秒-房产数量已达上限，不能投资
2017年5月22日10时2分58秒-该地图没有你的房产
2017年5月22日10时2分58秒-全地图收益：41 ▲个人收益：16 ▲一圈大概花费约：11
2017年5月22日10时2分58秒-当前地图：翔云幻城[序号81] 价值：90
2017年5月22日10时2分58秒-【补全地图数据】
2017年5月22日10时2分58秒-【盟军圈地掷骰子成功返回-地图数据不完整:51】
2017年5月22日10时2分58秒-点数：【9】 机动力：116
2017年5月22日10时2分58秒-没有剩余的遥控次数，直接普通方式投掷骰子……
2017年5月22日10时2分58秒-机动：117 时刻：2017年5月22日10时3分5秒/2017-05-22 10:00:02
2017年5月22日9时59分55秒-机动：117 时刻：2017年5月22日10时0分2秒/2017-05-22 10:00:02
2017年5月22日9时59分54秒-房产数量已达上限，不能投资
2017年5月22日9时59分54秒-该地图没有你的房产
2017年5月22日9时59分54秒-全地图收益：41 ▲个人收益：16 ▲一圈大概花费约：11
2017年5月22日9时59分54秒-当前地图：冰封地狱[序号72] 价值：50
2017年5月22日9时59分54秒-【补全地图数据】
2017年5月22日9时59分54秒-【盟军圈地掷骰子成功返回-地图数据不完整:51】
2017年5月22日9时59分54秒-点数：【7】 机动力：117
2017年5月22日9时59分54秒-没有剩余的遥控次数，直接普通方式投掷骰子……
2017年5月22日9时59分54秒-机动：118 时刻：2017年5月22日10时0分1秒/2017-05-22 09:56:59
2017年5月22日9时56分52秒-机动：118 时刻：2017年5月22日9时57分/2017-05-22 09:56:59
2017年5月22日9时56分52秒-房产数量已达上限，不能投资
2017年5月22日9时56分52秒-该地图没有你的房产
2017年5月22日9时56分52秒-全地图收益：41 ▲个人收益：16 ▲一圈大概花费约：11
2017年5月22日9时56分52秒-当前地图：梦佛窟[序号65] 价值：20
2017年5月22日9时56分52秒-点数：【9】 机动力：118
2017年5月22日9时56分52秒-没有剩余的遥控次数，直接普通方式投掷骰子……
2017年5月22日9时56分52秒-机动：119 时刻：2017年5月22日9时56分59秒/2017-05-22 09:53:57
2017年5月22日9时53分50秒-机动：119 时刻：2017年5月22日9时53分58秒/2017-05-22 09:53:57
2017年5月22日9时53分50秒-房产数量已达上限，不能投资
2017年5月22日9时53分50秒-该地图没有你的房产
2017年5月22日9时53分50秒-全地图收益：32 ▲个人收益：16 ▲一圈大概花费约：9
2017年5月22日9时53分49秒-当前地图：华山脚[序号56] 价值：60
2017年5月22日9时53分49秒-【补全地图数据】
2017年5月22日9时53分49秒-【盟军圈地掷骰子成功返回-地图数据不完整:51】
2017年5月22日9时53分49秒-点数：【5】 机动力：119
2017年5月22日9时53分49秒-没有剩余的遥控次数，直接普通方式投掷骰子……
2017年5月22日9时53分49秒-机动：120 时刻：2017年5月22日9时53分57秒/2017-05-22 09:50:55
2017年5月22日9时50分48秒-机动：120 时刻：2017年5月22日9时50分56秒/2017-05-22 09:50:55
2017年5月22日9时50分47秒-房产数量已达上限，不能投资
2017年5月22日9时50分47秒-该地图没有你的房产
2017年5月22日9时50分47秒-全地图收益：32 ▲个人收益：16 ▲一圈大概花费约：9
2017年5月22日9时50分47秒-当前地图：南海龙宫[序号51] 价值：70
2017年5月22日9时50分47秒-【补全地图数据】
2017年5月22日9时50分47秒-【盟军圈地掷骰子成功返回-地图数据不完整:51】
2017年5月22日9时50分47秒-点数：【8】 机动力：120
2017年5月22日9时50分47秒-没有剩余的遥控次数，直接普通方式投掷骰子……
2017年5月22日9时50分47秒-机动：121 时刻：2017年5月22日9时50分55秒/2017-05-22 09:44:05
2017年5月22日9时50分42秒-房产数量已达上限，不能投资
2017年5月22日9时50分42秒-该地图没有你的房产
2017年5月22日9时50分42秒-全地图收益：32 ▲个人收益：16 ▲一圈大概花费约：9
2017年5月22日9时50分42秒-当前地图：坠泪岗[序号43] 价值：10
2017年5月22日9时50分42秒-【补全地图数据】
2017年5月22日9时50分42秒-【盟军圈地读最新返回-地图数据不完整:53】
2017年5月22日9时50分42秒-◆初次启动，分析当前最新地产数据……
2017年5月22日9时50分42秒-机动：121 时刻：2017年5月22日9时50分50秒/2017-05-22 09:44:05
2017年5月22日9时47分40秒-连接圈地服务器成功！！！
2017年5月22日9时47分10秒-连接圈地服务器失败，30秒以后再次发起连接……
2017年5月22日9时47分9秒-开始连接圈地服务器……
2017年5月22日9时47分1秒-错乱，本次操作不成功！！
2017年5月22日9时47分-没有剩余的遥控次数，直接普通方式投掷骰子……
2017年5月22日9时47分-机动：121 时刻：2017年5月22日9时47分7秒/2017-05-22 09:44:05
2017年5月22日9时43分58秒-机动：117 时刻：2017年5月22日9时44分6秒/2017-05-22 09:44:05
2017年5月22日9时43分57秒-随机地块，不能投资
2017年5月22日9时43分57秒-该地图没有你的房产
2017年5月22日9时43分57秒-全地图收益：24 ▲个人收益：16 ▲一圈大概花费约：6
2017年5月22日9时43分57秒-当前地图：随机事件[序号25] 价值：9999999
2017年5月22日9时43分57秒-【补全地图数据】
2017年5月22日9时43分57秒-【盟军圈地掷骰子成功返回-地图数据不完整:54】
2017年5月22日9时43分57秒-点数：【2】 发生随机事件：前进 数值：18 机动力：117
2017年5月22日9时43分57秒-没有剩余的遥控次数，直接普通方式投掷骰子……
2017年5月22日9时43分57秒-机动：118 时刻：2017年5月22日9时44分5秒/2017-05-22 09:41:02
2017年5月22日9时40分56秒-机动：118 时刻：2017年5月22日9时41分3秒/2017-05-22 09:41:02
2017年5月22日9时40分55秒-房产数量已达上限，不能投资
2017年5月22日9时40分55秒-该地图没有你的房产
2017年5月22日9时40分55秒-全地图收益：24 ▲个人收益：16 ▲一圈大概花费约：6
2017年5月22日9时40分55秒-当前地图：寒月台[序号23] 价值：10
2017年5月22日9时40分55秒-【补全地图数据】
2017年5月22日9时40分55秒-【盟军圈地掷骰子成功返回-地图数据不完整:54】
2017年5月22日9时40分55秒-点数：【1】 机动力：118
2017年5月22日9时40分55秒-没有剩余的遥控次数，直接普通方式投掷骰子……
2017年5月22日9时40分55秒-机动：119 时刻：2017年5月22日9时41分2秒/2017-05-22 09:38:00
2017年5月22日9时37分53秒-机动：119 时刻：2017年5月22日9时38分1秒/2017-05-22 09:38:00
2017年5月22日9时37分52秒-房产数量已达上限，不能投资
2017年5月22日9时37分52秒-该地图没有你的房产
2017年5月22日9时37分52秒-全地图收益：24 ▲个人收益：16 ▲一圈大概花费约：6
2017年5月22日9时37分52秒-当前地图：钉床地狱[序号22] 价值：50
2017年5月22日9时37分52秒-【补全地图数据】
2017年5月22日9时37分52秒-【盟军圈地掷骰子成功返回-地图数据不完整:54】
2017年5月22日9时37分52秒-点数：【4】 机动力：119
2017年5月22日9时37分52秒-没有剩余的遥控次数，直接普通方式投掷骰子……
2017年5月22日9时37分52秒-机动：120 时刻：2017年5月22日9时38分/2017-05-22 09:34:57
2017年5月22日9时34分51秒-机动：120 时刻：2017年5月22日9时34分58秒/2017-05-22 09:34:57
2017年5月22日9时34分50秒-盟军圈地建造升级返回〓20018〓840〓逐影洞窟 80 4 1 0 0 0 0〓80
2017年5月22日9时34分50秒-当前地价80，可以投资
2017年5月22日9时34分50秒-占比大于5%，计算出的投资下限：80
2017年5月22日9时34分50秒-地价80及以上地产占比：16.67%
2017年5月22日9时34分50秒-[房价80] 的地块剩余：16
2017年5月22日9时34分50秒-[房价70] 的地块剩余：15
2017年5月22日9时34分50秒-[房价60] 的地块剩余：17
2017年5月22日9时34分50秒-[房价50] 的地块剩余：18
2017年5月22日9时34分50秒-[房价40] 的地块剩余：15
2017年5月22日9时34分50秒-[房价30] 的地块剩余：15
2017年5月22日9时34分50秒-[房价20] 的地块剩余：17
2017年5月22日9时34分50秒-[房价10] 的地块剩余：15
2017年5月22日9时34分50秒-该地图没有你的房产
2017年5月22日9时34分50秒-全地图收益：16 ▲个人收益：8 ▲一圈大概花费约：4
2017年5月22日9时34分50秒-当前地图：逐影洞窟[序号18] 价值：80
2017年5月22日9时34分50秒-【补全地图数据】
2017年5月22日9时34分50秒-【盟军圈地掷骰子成功返回-地图数据不完整:54】
2017年5月22日9时34分50秒-点数：【4】 机动力：120
2017年5月22日9时34分50秒-没有剩余的遥控次数，直接普通方式投掷骰子……
2017年5月22日9时34分50秒-机动：121 时刻：2017年5月22日9时34分57秒/2017-05-22 09:31:55
2017年5月22日9时31分48秒-机动：121 时刻：2017年5月22日9时31分56秒/2017-05-22 09:31:55
2017年5月22日9时31分48秒-当前地价10低于80，放弃投资
2017年5月22日9时31分48秒-占比大于5%，计算出的投资下限：80
2017年5月22日9时31分48秒-地价80及以上地产占比：16.67%
2017年5月22日9时31分48秒-[房价80] 的地块剩余：16
2017年5月22日9时31分48秒-[房价70] 的地块剩余：15
2017年5月22日9时31分48秒-[房价60] 的地块剩余：17
2017年5月22日9时31分48秒-[房价50] 的地块剩余：18
2017年5月22日9时31分48秒-[房价40] 的地块剩余：15
2017年5月22日9时31分48秒-[房价30] 的地块剩余：15
2017年5月22日9时31分48秒-[房价20] 的地块剩余：17
2017年5月22日9时31分48秒-[房价10] 的地块剩余：15
2017年5月22日9时31分48秒-该地图没有你的房产
2017年5月22日9时31分48秒-全地图收益：16 ▲个人收益：8 ▲一圈大概花费约：4
2017年5月22日9时31分47秒-当前地图：石壁洞口[序号14] 价值：10
2017年5月22日9时31分47秒-【补全地图数据】
2017年5月22日9时31分47秒-【盟军圈地掷骰子成功返回-地图数据不完整:54】
2017年5月22日9时31分47秒-点数：【4】 机动力：121
2017年5月22日9时31分47秒-没有剩余的遥控次数，直接普通方式投掷骰子……
2017年5月22日9时31分47秒-机动：122 时刻：2017年5月22日9时31分55秒/2017-05-22 09:28:52
2017年5月22日9时28分46秒-机动：122 时刻：2017年5月22日9时28分53秒/2017-05-22 09:28:52
2017年5月22日9时28分45秒-当前地价60低于80，放弃投资
2017年5月22日9时28分45秒-占比大于5%，计算出的投资下限：80
2017年5月22日9时28分45秒-地价80及以上地产占比：16.67%
2017年5月22日9时28分45秒-[房价80] 的地块剩余：16
2017年5月22日9时28分45秒-[房价70] 的地块剩余：15
2017年5月22日9时28分45秒-[房价60] 的地块剩余：17
2017年5月22日9时28分45秒-[房价50] 的地块剩余：18
2017年5月22日9时28分45秒-[房价40] 的地块剩余：15
2017年5月22日9时28分45秒-[房价30] 的地块剩余：15
2017年5月22日9时28分45秒-[房价20] 的地块剩余：17
2017年5月22日9时28分45秒-[房价10] 的地块剩余：15
2017年5月22日9时28分45秒-该地图没有你的房产
2017年5月22日9时28分45秒-全地图收益：16 ▲个人收益：8 ▲一圈大概花费约：4
2017年5月22日9时28分45秒-当前地图：华山亭[序号10] 价值：60
2017年5月22日9时28分45秒-【补全地图数据】
2017年5月22日9时28分45秒-【盟军圈地掷骰子成功返回-地图数据不完整:54】
2017年5月22日9时28分45秒-点数：【1】 机动力：122
2017年5月22日9时28分45秒-没有剩余的遥控次数，直接普通方式投掷骰子……
2017年5月22日9时28分45秒-机动：123 时刻：2017年5月22日9时28分52秒/2017-05-22 09:25:45
2017年5月22日9时28分40秒-错误，5账号[ hy814 ]在当前位置已经进行过建造（升级）的操作了！
2017年5月22日9时28分40秒-全地图收益：16 ▲个人收益：8 ▲一圈大概花费约：4
2017年5月22日9时28分40秒-┗星级：★　　　　 收益：8   
2017年5月22日9时28分40秒-当前地图：弄梅洞窟[序号9] 价值：80
2017年5月22日9时28分40秒-◆初次启动，分析当前最新地产数据……
2017年5月22日9时28分40秒-机动：123 时刻：2017年5月22日9时28分47秒/2017-05-22 09:25:45
2017年5月22日9时26分10秒-

2017年5月22日9时26分10秒-

2017年5月22日9时26分8秒-

2017年5月22日9时25分37秒-盟军圈地建造升级返回〓20009〓920〓弄梅洞窟 80 4 1 0 0 0 0〓80
2017年5月22日9时25分37秒-当前地价80，可以投资
2017年5月22日9时25分37秒-占比大于5%，计算出的投资下限：80
2017年5月22日9时25分37秒-地价80及以上地产占比：17.71%
2017年5月22日9时25分37秒-[房价80] 的地块剩余：17
2017年5月22日9时25分37秒-[房价70] 的地块剩余：15
2017年5月22日9时25分37秒-[房价60] 的地块剩余：17
2017年5月22日9时25分37秒-[房价50] 的地块剩余：18
2017年5月22日9时25分37秒-[房价40] 的地块剩余：15
2017年5月22日9时25分37秒-[房价30] 的地块剩余：15
2017年5月22日9时25分37秒-[房价20] 的地块剩余：17
2017年5月22日9时25分37秒-[房价10] 的地块剩余：15
2017年5月22日9时25分37秒-该地图没有你的房产
2017年5月22日9时25分37秒-全地图收益：0 ▲个人收益：0 ▲一圈大概花费约：0
2017年5月22日9时25分37秒-当前地图：弄梅洞窟[序号9] 价值：80
2017年5月22日9时25分37秒-【补全地图数据】
2017年5月22日9时25分37秒-【盟军圈地掷骰子成功返回-地图数据不完整:54】
2017年5月22日9时25分37秒-点数：【9】 机动力：119
2017年5月22日9时25分37秒-刚刚开通，开始第一次投掷骰子……
2017年5月22日9时25分37秒-机动：120 时刻：2017年5月22日9时25分44秒/
2017年5月22日9时25分37秒-签到〓183.60.204.64
2017年5月22日9时25分37秒-连接圈地服务器成功！！！
2017年5月22日9时25分37秒-开始连接圈地服务器……
2017年5月22日9时25分10秒-

2017年5月22日9时25分5秒-用户配置文件不正取，请修改圈地用户.txt
