2017年6月8日18时56分17秒- 发生随机事件：遇到强盗 数值：9 机动力：64
2017年6月8日18时19分33秒- 发生随机事件：遇到财神爷 数值：378 机动力：80
2017年6月8日16时42分51秒- 发生随机事件：冰冻 数值：16 机动力：96
2017年6月7日18时51分18秒- 发生随机事件：前进 数值：17 机动力：1
2017年6月7日12时17分40秒- 发生随机事件：遇到小偷 数值：196 机动力：0
2017年6月7日10时3分45秒- 发生随机事件：遇到财神爷 数值：276 机动力：30
2017年6月7日8时4分38秒- 发生随机事件：遇到强盗 数值：1 机动力：57
2017年6月6日13时6分55秒- 发生随机事件：前进 数值：16 机动力：3
2017年6月6日12时36分38秒- 发生随机事件：遇到小偷 数值：75 机动力：9
2017年6月6日11时35分59秒- 发生随机事件：遇到财神爷 数值：178 机动力：23
2017年6月6日11时11分44秒- 发生随机事件：前进 数值：6 机动力：29
2017年6月6日9时34分46秒- 发生随机事件：遇到强盗 数值：1 机动力：51
2017年6月5日21时44分43秒- 发生随机事件：遇到小偷 数值：60 机动力：3
2017年6月5日19时33分35秒- 发生随机事件：后退 数值：14 机动力：22
2017年6月5日19时9分10秒- 发生随机事件：后退 数值：5 机动力：26
2017年6月5日16时46分12秒- 发生随机事件：前进 数值：19 机动力：41
2017年6月5日16时18分20秒- 发生随机事件：遇到财神爷 数值：14 机动力：46
2017年6月5日14时27分12秒- 发生随机事件：遇到强盗 数值：4 机动力：62
2017年6月5日13时59分51秒- 发生随机事件：遇到小偷 数值：70 机动力：67
2017年6月5日10时59分9秒- 发生随机事件：冰冻 数值：32 机动力：80
2017年6月4日18时32分30秒- 发生随机事件：冰冻 数值：87 机动力：7
2017年6月4日13时40分53秒- 发生随机事件：冰冻 数值：79 机动力：46
2017年6月3日13时13分51秒- 发生随机事件：遇到财神爷 数值：591 机动力：0
2017年6月3日10时9分30秒- 发生随机事件：捡到赤兔马 数值：7 机动力：38
2017年6月2日13时37分23秒- 发生随机事件：捡到赤兔马 数值：8 机动力：47
2017年6月2日11时36分45秒- 发生随机事件：冰冻 数值：29 机动力：57
2017年6月1日10时54分27秒- 发生随机事件：后退 数值：14 机动力：20
2017年6月1日10时6分- 发生随机事件：后退 数值：11 机动力：30
2017年5月31日15时30分51秒- 发生随机事件：捡到赤兔马 数值：4 机动力：5
2017年5月31日13时30分40秒- 发生随机事件：遇到财神爷 数值：299 机动力：1
2017年5月31日11时11分24秒- 发生随机事件：后退 数值：16 机动力：11
2017年5月31日8时9分49秒- 发生随机事件：遇到强盗 数值：5 机动力：53
2017年5月30日20时53分59秒- 发生随机事件：遇到小偷 数值：165 机动力：0
2017年5月30日17时30分48秒- 发生随机事件：后退 数值：11 机动力：1
2017年5月30日11时59分32秒- 发生随机事件：前进 数值：6 机动力：19
2017年5月30日11时29分17秒- 发生随机事件：遇到强盗 数值：3 机动力：27
2017年5月30日10时31分48秒- 发生随机事件：遇到财神爷 数值：197 机动力：43
2017年5月30日8时49分2秒- 发生随机事件：捡到赤兔马 数值：5 机动力：67
2017年5月29日21时45分21秒- 发生随机事件：遇到强盗 数值：1 机动力：-1
2017年5月29日21时18分8秒- 发生随机事件：遇到强盗 数值：3 机动力：5
2017年5月29日17时34分32秒- 发生随机事件：捡到赤兔马 数值：8 机动力：38
2017年5月28日11时9分4秒- 发生随机事件：冰冻 数值：38 机动力：19
2017年5月28日10时44分52秒- 发生随机事件：前进 数值：12 机动力：23
2017年5月28日9时35分22秒- 发生随机事件：前进 数值：11 机动力：40
2017年5月28日8时41分1秒- 发生随机事件：前进 数值：12 机动力：52
2017年5月27日17时51分8秒- 发生随机事件：前进 数值：12 机动力：1
2017年5月26日21时11分2秒- 发生随机事件：捡到赤兔马 数值：1 机动力：2
2017年5月26日12时40分1秒- 发生随机事件：捡到赤兔马 数值：2 机动力：36
2017年5月26日10时25分49秒- 发生随机事件：后退 数值：15 机动力：26
2017年5月26日9时19分17秒- 发生随机事件：捡到赤兔马 数值：1 机动力：42
2017年5月26日8时43分1秒- 发生随机事件：后退 数值：3 机动力：49
2017年5月25日8时19分14秒- 发生随机事件：捡到赤兔马 数值：4 机动力：59
2017年5月24日10时0分43秒- 发生随机事件：前进 数值：17 机动力：28
2017年5月24日8时51分54秒- 发生随机事件：遇到强盗 数值：4 机动力：44
2017年5月23日20时34分5秒- 发生随机事件：前进 数值：10 机动力：0
2017年5月23日18时54分17秒- 发生随机事件：遇到强盗 数值：9 机动力：-9
2017年5月23日18时31分6秒- 发生随机事件：后退 数值：16 机动力：1
2017年5月23日14时20分58秒- 发生随机事件：遇到财神爷 数值：115 机动力：7
2017年5月23日12时23分17秒- 发生随机事件：后退 数值：6 机动力：34
2017年5月23日11时22分54秒- 发生随机事件：后退 数值：20 机动力：48
2017年5月23日10时25分35秒- 发生随机事件：前进 数值：7 机动力：61
2017年5月22日13时16分25秒- 发生随机事件：遇到财神爷 数值：36 机动力：92
2017年5月22日12时43分13秒- 发生随机事件：遇到财神爷 数值：85 机动力：95
2017年5月22日12时40分12秒- 发生随机事件：后退 数值：1 机动力：96
2017年5月22日9时43分57秒- 发生随机事件：前进 数值：18 机动力：117
